2025-11-17 21:01:04 | INFO | Consulta exitosa de suscripción para empresa 1
2025-11-17 21:16:40 | INFO | Iniciando la aplicación
2025-11-17 21:16:44 | INFO | Base de datos SQLite de países disponible: D:\Software\Pagina\backend\data\countries.db
2025-11-17 21:16:44 | INFO | Base de datos de ciudades disponible: 2 archivos encontrados
2025-11-17 21:16:44 | INFO | LocationService inicializado correctamente
2025-11-18 08:52:01 | INFO | Iniciando la aplicación
2025-11-18 08:56:11 | INFO | Iniciando la aplicación
2025-11-18 09:40:20 | INFO | Iniciando la aplicación
2025-11-18 09:44:59 | INFO | Iniciando la aplicación
2025-11-18 09:53:52 | INFO | Iniciando la aplicación
2025-11-18 09:53:52 | INFO | Base de datos SQLite de países disponible: D:\Software\Pagina\backend\data\countries.db
2025-11-18 09:53:52 | INFO | Base de datos de ciudades disponible: 2 archivos encontrados
2025-11-18 09:53:52 | INFO | LocationService inicializado correctamente
2025-11-18 09:53:53 | INFO | Iniciando la aplicación
2025-11-18 09:53:53 | INFO | Base de datos SQLite de países disponible: D:\Software\Pagina\backend\data\countries.db
2025-11-18 09:53:53 | INFO | Base de datos de ciudades disponible: 2 archivos encontrados
2025-11-18 09:53:53 | INFO | LocationService inicializado correctamente
2025-11-18 09:58:36 | INFO | Consulta exitosa de suscripción para empresa 1
2025-11-19 12:32:46 | INFO | Iniciando la aplicación
2025-11-19 12:36:31 | INFO | Base de datos SQLite de países disponible: D:\Software\Pagina\backend\data\countries.db
2025-11-19 12:36:31 | INFO | Base de datos de ciudades disponible: 2 archivos encontrados
2025-11-19 12:36:31 | INFO | LocationService inicializado correctamente
2025-11-19 12:36:32 | INFO | Iniciando la aplicación
2025-11-19 12:36:34 | INFO | Base de datos SQLite de países disponible: D:\Software\Pagina\backend\data\countries.db
2025-11-19 12:36:34 | INFO | Base de datos de ciudades disponible: 2 archivos encontrados
2025-11-19 12:36:34 | INFO | LocationService inicializado correctamente
2025-11-19 12:42:07 | INFO | Consulta exitosa de suscripción para empresa 1
2025-11-19 12:44:42 | INFO | Consulta exitosa de suscripción para empresa 1
2025-11-19 12:44:44 | INFO | Consulta exitosa de suscripción para empresa 1
2025-11-19 14:34:42 | INFO | Iniciando la aplicación
2025-11-19 14:34:43 | INFO | Base de datos SQLite de países disponible: D:\Software\Pagina\backend\data\countries.db
2025-11-19 14:34:43 | INFO | Base de datos de ciudades disponible: 2 archivos encontrados
2025-11-19 14:34:43 | INFO | LocationService inicializado correctamente
2025-11-19 14:34:44 | INFO | Iniciando la aplicación
2025-11-19 14:34:44 | INFO | Base de datos SQLite de países disponible: D:\Software\Pagina\backend\data\countries.db
2025-11-19 14:34:44 | INFO | Base de datos de ciudades disponible: 2 archivos encontrados
2025-11-19 14:34:44 | INFO | LocationService inicializado correctamente
2025-11-19 14:47:46 | INFO | Iniciando la aplicación
2025-11-19 14:47:46 | INFO | Base de datos SQLite de países disponible: D:\Software\Pagina\backend\data\countries.db
2025-11-19 14:47:46 | INFO | Base de datos de ciudades disponible: 2 archivos encontrados
2025-11-19 14:47:46 | INFO | LocationService inicializado correctamente
2025-11-19 14:48:00 | INFO | Iniciando la aplicación
2025-11-19 14:48:00 | INFO | Base de datos SQLite de países disponible: D:\Software\Pagina\backend\data\countries.db
2025-11-19 14:48:00 | INFO | Base de datos de ciudades disponible: 2 archivos encontrados
2025-11-19 14:48:00 | INFO | LocationService inicializado correctamente
2025-11-19 14:50:09 | INFO | Iniciando la aplicación
2025-11-19 14:50:09 | INFO | Base de datos SQLite de países disponible: D:\Software\Pagina\backend\data\countries.db
2025-11-19 14:50:09 | INFO | Base de datos de ciudades disponible: 2 archivos encontrados
2025-11-19 14:50:09 | INFO | LocationService inicializado correctamente
2025-11-19 19:13:36 | INFO | Consulta exitosa de suscripción para empresa 1
2025-11-19 19:13:38 | INFO | Consulta exitosa de suscripción para empresa 1
2025-11-19 19:19:11 | INFO | Consulta exitosa de suscripción para empresa 1
2025-11-19 19:19:13 | INFO | Consulta exitosa de suscripción para empresa 1
2025-11-19 19:28:40 | INFO | Empresa 1 sin suscripción activa
2025-11-19 19:28:58 | INFO | Empresa 1 sin suscripción activa
2025-11-19 19:30:28 | INFO | Empresa 1 sin suscripción activa
2025-11-19 19:31:43 | INFO | Consulta exitosa de suscripción para empresa 1
2025-11-19 20:50:58 | INFO | Iniciando la aplicación
2025-11-19 20:51:01 | INFO | Base de datos SQLite de países disponible: D:\Software\Pagina\backend\data\countries.db
2025-11-19 20:51:01 | INFO | Base de datos de ciudades disponible: 2 archivos encontrados
2025-11-19 20:51:01 | INFO | LocationService inicializado correctamente
2025-11-19 20:51:14 | INFO | Iniciando la aplicación
2025-11-19 20:51:14 | INFO | Base de datos SQLite de países disponible: D:\Software\Pagina\backend\data\countries.db
2025-11-19 20:51:14 | INFO | Base de datos de ciudades disponible: 2 archivos encontrados
2025-11-19 20:51:14 | INFO | LocationService inicializado correctamente
2025-11-19 20:51:32 | INFO | Iniciando la aplicación
2025-11-19 20:51:32 | INFO | Base de datos SQLite de países disponible: D:\Software\Pagina\backend\data\countries.db
2025-11-19 20:51:32 | INFO | Base de datos de ciudades disponible: 2 archivos encontrados
2025-11-19 20:51:32 | INFO | LocationService inicializado correctamente
2025-11-19 20:51:48 | INFO | Iniciando la aplicación
2025-11-19 20:51:49 | INFO | Base de datos SQLite de países disponible: D:\Software\Pagina\backend\data\countries.db
2025-11-19 20:51:49 | INFO | Base de datos de ciudades disponible: 2 archivos encontrados
2025-11-19 20:51:49 | INFO | LocationService inicializado correctamente
2025-11-19 20:52:09 | INFO | Iniciando la aplicación
2025-11-19 20:52:09 | INFO | Base de datos SQLite de países disponible: D:\Software\Pagina\backend\data\countries.db
2025-11-19 20:52:09 | INFO | Base de datos de ciudades disponible: 2 archivos encontrados
2025-11-19 20:52:09 | INFO | LocationService inicializado correctamente
2025-11-19 20:52:28 | INFO | Iniciando la aplicación
2025-11-19 20:52:28 | INFO | Base de datos SQLite de países disponible: D:\Software\Pagina\backend\data\countries.db
2025-11-19 20:52:28 | INFO | Base de datos de ciudades disponible: 2 archivos encontrados
2025-11-19 20:52:28 | INFO | LocationService inicializado correctamente
2025-11-19 20:59:26 | INFO | Iniciando la aplicación
2025-11-19 20:59:26 | INFO | Base de datos SQLite de países disponible: D:\Software\Pagina\backend\data\countries.db
2025-11-19 20:59:26 | INFO | Base de datos de ciudades disponible: 2 archivos encontrados
2025-11-19 20:59:26 | INFO | LocationService inicializado correctamente
2025-11-20 16:02:03 | INFO | Iniciando la aplicación
2025-11-20 16:02:05 | INFO | Base de datos SQLite de países disponible: D:\Software\Pagina\backend\data\countries.db
2025-11-20 16:02:05 | INFO | Base de datos de ciudades disponible: 2 archivos encontrados
2025-11-20 16:02:05 | INFO | LocationService inicializado correctamente
2025-11-20 16:02:05 | INFO | Iniciando la aplicación
2025-11-20 16:02:06 | INFO | Base de datos SQLite de países disponible: D:\Software\Pagina\backend\data\countries.db
2025-11-20 16:02:06 | INFO | Base de datos de ciudades disponible: 2 archivos encontrados
2025-11-20 16:02:06 | INFO | LocationService inicializado correctamente
2025-11-20 16:09:13 | INFO | Iniciando la aplicación
2025-11-20 16:09:13 | INFO | Base de datos SQLite de países disponible: D:\Software\Pagina\backend\data\countries.db
2025-11-20 16:09:13 | INFO | Base de datos de ciudades disponible: 2 archivos encontrados
2025-11-20 16:09:13 | INFO | LocationService inicializado correctamente
2025-11-20 16:09:35 | INFO | Iniciando la aplicación
2025-11-20 16:09:35 | INFO | Base de datos SQLite de países disponible: D:\Software\Pagina\backend\data\countries.db
2025-11-20 16:09:35 | INFO | Base de datos de ciudades disponible: 2 archivos encontrados
2025-11-20 16:09:35 | INFO | LocationService inicializado correctamente
2025-11-20 16:09:55 | INFO | Iniciando la aplicación
2025-11-20 16:09:55 | INFO | Base de datos SQLite de países disponible: D:\Software\Pagina\backend\data\countries.db
2025-11-20 16:09:55 | INFO | Base de datos de ciudades disponible: 2 archivos encontrados
2025-11-20 16:09:55 | INFO | LocationService inicializado correctamente
2025-11-20 16:11:03 | INFO | Iniciando la aplicación
2025-11-20 16:11:03 | INFO | Base de datos SQLite de países disponible: D:\Software\Pagina\backend\data\countries.db
2025-11-20 16:11:03 | INFO | Base de datos de ciudades disponible: 2 archivos encontrados
2025-11-20 16:11:03 | INFO | LocationService inicializado correctamente
2025-11-20 16:11:39 | INFO | Iniciando la aplicación
2025-11-20 16:11:39 | INFO | Base de datos SQLite de países disponible: D:\Software\Pagina\backend\data\countries.db
2025-11-20 16:11:39 | INFO | Base de datos de ciudades disponible: 2 archivos encontrados
2025-11-20 16:11:39 | INFO | LocationService inicializado correctamente
2025-11-20 16:12:03 | INFO | Iniciando la aplicación
2025-11-20 16:12:03 | INFO | Base de datos SQLite de países disponible: D:\Software\Pagina\backend\data\countries.db
2025-11-20 16:12:03 | INFO | Base de datos de ciudades disponible: 2 archivos encontrados
2025-11-20 16:12:03 | INFO | LocationService inicializado correctamente
2025-11-20 16:12:17 | INFO | Iniciando la aplicación
2025-11-20 16:12:17 | INFO | Base de datos SQLite de países disponible: D:\Software\Pagina\backend\data\countries.db
2025-11-20 16:12:17 | INFO | Base de datos de ciudades disponible: 2 archivos encontrados
2025-11-20 16:12:17 | INFO | LocationService inicializado correctamente
2025-11-20 16:13:51 | INFO | Iniciando la aplicación
2025-11-20 16:13:51 | INFO | Base de datos SQLite de países disponible: D:\Software\Pagina\backend\data\countries.db
2025-11-20 16:13:51 | INFO | Base de datos de ciudades disponible: 2 archivos encontrados
2025-11-20 16:13:51 | INFO | LocationService inicializado correctamente
2025-11-20 16:14:07 | INFO | Iniciando la aplicación
2025-11-20 16:14:07 | INFO | Base de datos SQLite de países disponible: D:\Software\Pagina\backend\data\countries.db
2025-11-20 16:14:07 | INFO | Base de datos de ciudades disponible: 2 archivos encontrados
2025-11-20 16:14:07 | INFO | LocationService inicializado correctamente
2025-11-20 16:14:19 | INFO | Iniciando la aplicación
2025-11-20 16:14:19 | INFO | Base de datos SQLite de países disponible: D:\Software\Pagina\backend\data\countries.db
2025-11-20 16:14:19 | INFO | Base de datos de ciudades disponible: 2 archivos encontrados
2025-11-20 16:14:19 | INFO | LocationService inicializado correctamente
2025-11-20 16:14:48 | INFO | Iniciando la aplicación
2025-11-20 16:14:48 | INFO | Base de datos SQLite de países disponible: D:\Software\Pagina\backend\data\countries.db
2025-11-20 16:14:48 | INFO | Base de datos de ciudades disponible: 2 archivos encontrados
2025-11-20 16:14:48 | INFO | LocationService inicializado correctamente
2025-11-20 16:15:01 | INFO | Iniciando la aplicación
2025-11-20 16:15:01 | INFO | Base de datos SQLite de países disponible: D:\Software\Pagina\backend\data\countries.db
2025-11-20 16:15:01 | INFO | Base de datos de ciudades disponible: 2 archivos encontrados
2025-11-20 16:15:01 | INFO | LocationService inicializado correctamente
2025-11-20 16:15:16 | INFO | Consulta exitosa de suscripción para empresa 1
2025-11-20 16:18:50 | INFO | Iniciando la aplicación
2025-11-20 16:18:50 | INFO | Base de datos SQLite de países disponible: D:\Software\Pagina\backend\data\countries.db
2025-11-20 16:18:50 | INFO | Base de datos de ciudades disponible: 2 archivos encontrados
2025-11-20 16:18:50 | INFO | LocationService inicializado correctamente
2025-11-20 16:18:55 | INFO | Iniciando la aplicación
2025-11-20 16:18:55 | INFO | Base de datos SQLite de países disponible: D:\Software\Pagina\backend\data\countries.db
2025-11-20 16:18:55 | INFO | Base de datos de ciudades disponible: 2 archivos encontrados
2025-11-20 16:18:55 | INFO | LocationService inicializado correctamente
2025-11-20 16:21:55 | INFO | Iniciando la aplicación
2025-11-20 16:21:55 | INFO | Base de datos SQLite de países disponible: D:\Software\Pagina\backend\data\countries.db
2025-11-20 16:21:55 | INFO | Base de datos de ciudades disponible: 2 archivos encontrados
2025-11-20 16:21:55 | INFO | LocationService inicializado correctamente
2025-11-20 16:22:19 | INFO | Iniciando la aplicación
2025-11-20 16:22:19 | INFO | Base de datos SQLite de países disponible: D:\Software\Pagina\backend\data\countries.db
2025-11-20 16:22:19 | INFO | Base de datos de ciudades disponible: 2 archivos encontrados
2025-11-20 16:22:19 | INFO | LocationService inicializado correctamente
2025-11-20 16:23:28 | INFO | Iniciando la aplicación
2025-11-20 16:23:28 | INFO | Base de datos SQLite de países disponible: D:\Software\Pagina\backend\data\countries.db
2025-11-20 16:23:28 | INFO | Base de datos de ciudades disponible: 2 archivos encontrados
2025-11-20 16:23:28 | INFO | LocationService inicializado correctamente
2025-11-20 16:23:29 | INFO | Iniciando la aplicación
2025-11-20 16:23:29 | INFO | Base de datos SQLite de países disponible: D:\Software\Pagina\backend\data\countries.db
2025-11-20 16:23:29 | INFO | Base de datos de ciudades disponible: 2 archivos encontrados
2025-11-20 16:23:29 | INFO | LocationService inicializado correctamente
2025-11-24 11:40:12 | INFO | Iniciando la aplicación
2025-11-24 11:43:07 | INFO | Base de datos SQLite de países disponible: D:\Software\Pagina\backend\data\countries.db
2025-11-24 11:43:07 | INFO | Base de datos de ciudades disponible: 2 archivos encontrados
2025-11-24 11:43:07 | INFO | LocationService inicializado correctamente
2025-11-24 11:43:07 | INFO | Iniciando la aplicación
2025-11-24 11:43:12 | INFO | Base de datos SQLite de países disponible: D:\Software\Pagina\backend\data\countries.db
2025-11-24 11:43:12 | INFO | Base de datos de ciudades disponible: 2 archivos encontrados
2025-11-24 11:43:12 | INFO | LocationService inicializado correctamente
2025-11-24 11:50:30 | INFO | Iniciando la aplicación
2025-11-24 11:50:31 | INFO | Base de datos SQLite de países disponible: D:\Software\Pagina\backend\data\countries.db
2025-11-24 11:50:31 | INFO | Base de datos de ciudades disponible: 2 archivos encontrados
2025-11-24 11:50:31 | INFO | LocationService inicializado correctamente
2025-11-24 11:50:31 | INFO | Iniciando la aplicación
2025-11-24 11:50:31 | INFO | Base de datos SQLite de países disponible: D:\Software\Pagina\backend\data\countries.db
2025-11-24 11:50:31 | INFO | Base de datos de ciudades disponible: 2 archivos encontrados
2025-11-24 11:50:31 | INFO | LocationService inicializado correctamente
2025-11-24 12:29:24 | INFO | Iniciando la aplicación
2025-11-24 12:29:25 | INFO | Base de datos SQLite de países disponible: D:\Software\Pagina\backend\data\countries.db
2025-11-24 12:29:25 | INFO | Base de datos de ciudades disponible: 2 archivos encontrados
2025-11-24 12:29:25 | INFO | LocationService inicializado correctamente
2025-11-24 12:29:31 | INFO | Iniciando la aplicación
2025-11-24 12:29:31 | INFO | Base de datos SQLite de países disponible: D:\Software\Pagina\backend\data\countries.db
2025-11-24 12:29:31 | INFO | Base de datos de ciudades disponible: 2 archivos encontrados
2025-11-24 12:29:31 | INFO | LocationService inicializado correctamente
2025-11-24 12:29:40 | INFO | Iniciando la aplicación
2025-11-24 12:29:40 | INFO | Base de datos SQLite de países disponible: D:\Software\Pagina\backend\data\countries.db
2025-11-24 12:29:40 | INFO | Base de datos de ciudades disponible: 2 archivos encontrados
2025-11-24 12:29:40 | INFO | LocationService inicializado correctamente
2025-11-24 12:32:53 | INFO | Consulta exitosa de suscripción para empresa La Reina (NIT: 80030148752-vxT21.Ad)
2025-11-24 12:40:37 | INFO | Iniciando la aplicación
2025-11-24 12:40:37 | INFO | Base de datos SQLite de países disponible: D:\Software\Pagina\backend\data\countries.db
2025-11-24 12:40:37 | INFO | Base de datos de ciudades disponible: 2 archivos encontrados
2025-11-24 12:40:37 | INFO | LocationService inicializado correctamente
2025-11-24 14:10:20 | INFO | Consulta exitosa de suscripción para empresa La Casona (NIT: 80020548521-vxT20.Wd)
2025-11-24 14:16:42 | INFO | Consulta exitosa de suscripción para empresa La Casona (NIT: 80020548521-vxT20.Wd)
2025-11-24 15:56:53 | INFO | Consulta exitosa de suscripción para empresa La Casona (NIT: 80020548521-vxT20.Wd)
2025-11-24 18:50:49 | INFO | Consulta exitosa de suscripción para empresa La Casona (NIT: 80020548521-vxT20.Wd)
2025-11-24 18:58:44 | INFO | Consulta exitosa de suscripción para empresa La Casona (NIT: 80020548521-vxT20.Wd)
2025-11-24 19:07:23 | INFO | Consulta exitosa de suscripción para empresa La Casona (NIT: 80020548521-vxT20.Wd)
2025-11-24 19:08:48 | INFO | Consulta exitosa de suscripción para empresa La Casona (NIT: 80020548521-vxT20.Wd)
2025-11-24 19:19:41 | INFO | Consulta exitosa de suscripción para empresa La Casona (NIT: 80020548521-vxT20.Wd)
2025-11-24 19:38:19 | INFO | Iniciando la aplicación
2025-11-24 19:38:23 | INFO | Base de datos SQLite de países disponible: D:\Software\Pagina\backend\data\countries.db
2025-11-24 19:38:23 | INFO | Base de datos de ciudades disponible: 2 archivos encontrados
2025-11-24 19:38:23 | INFO | LocationService inicializado correctamente
2025-11-24 19:38:24 | INFO | Iniciando la aplicación
2025-11-24 19:38:24 | INFO | Base de datos SQLite de países disponible: D:\Software\Pagina\backend\data\countries.db
2025-11-24 19:38:24 | INFO | Base de datos de ciudades disponible: 2 archivos encontrados
2025-11-24 19:38:24 | INFO | LocationService inicializado correctamente
2025-11-24 19:38:32 | INFO | Consulta exitosa de suscripción para empresa La Casona (NIT: 80020548521-vxT20.Wd)
2025-11-24 19:48:58 | INFO | Consulta exitosa de suscripción para empresa La Casona (NIT: 80020548521-vxT20.Wd)
2025-11-24 19:54:03 | INFO | Consulta exitosa de suscripción para empresa La Casona (NIT: 80020548521-vxT20.Wd)
2025-11-24 20:01:57 | INFO | Consulta exitosa de suscripción para empresa La Casona (NIT: 80020548521-vxT20.Wd)
2025-11-24 20:06:02 | INFO | Consulta exitosa de suscripción para empresa La Casona (NIT: 80020548521-vxT20.Wd)
2025-11-24 20:08:59 | INFO | Consulta exitosa de suscripción para empresa La Casona (NIT: 80020548521-vxT20.Wd)
2025-11-24 20:12:35 | INFO | Consulta exitosa de suscripción para empresa La Casona (NIT: 80020548521-vxT20.Wd)
2025-11-24 20:15:29 | INFO | Consulta exitosa de suscripción para empresa La Casona (NIT: 80020548521-vxT20.Wd)
