2025-12-05 16:01:42 | INFO     | Crear suscripci贸n soporte - Inicio | usuario_id=18 | data={suscripcion_id:2, empresa_id:1, soporte_tipo_id:2, fecha_inicio:2025-12-05, fecha_fin:2026-12-05, notas:Se aplica suscripcion de soporte 24/7 Anual}
2025-12-05 16:01:42 | INFO     | Suscripci贸n soporte creada | suscripcion_soporte_id=2 | empresa_id=1 | tipo_soporte=Soporte 24/7 | precio=2800000.0 | creado_por=18
2025-12-05 16:01:42 | INFO     | Listar suscripciones soporte | empresa_id=None | estado=None | soporte_tipo_id=None
2025-12-05 16:01:42 | INFO     | Consulta finalizada | total=1
2025-12-05 16:02:04 | INFO     | Listar suscripciones soporte | empresa_id=None | estado=None | soporte_tipo_id=None
2025-12-05 16:02:04 | INFO     | Consulta finalizada | total=1
2025-12-05 16:05:01 | INFO     | Listar suscripciones soporte | empresa_id=None | estado=None | soporte_tipo_id=None
2025-12-05 16:05:01 | INFO     | Consulta finalizada | total=1
2025-12-05 16:06:17 | INFO     | Listar suscripciones soporte | empresa_id=None | estado=None | soporte_tipo_id=None
2025-12-05 16:06:17 | INFO     | Consulta finalizada | total=1
2025-12-05 16:06:34 | INFO     | Listar suscripciones soporte | empresa_id=None | estado=None | soporte_tipo_id=None
2025-12-05 16:06:34 | INFO     | Consulta finalizada | total=1
2025-12-05 16:07:52 | INFO     | Listar suscripciones soporte | empresa_id=None | estado=None | soporte_tipo_id=None
2025-12-05 16:07:52 | INFO     | Consulta finalizada | total=1
2025-12-05 16:08:04 | INFO     | Listar suscripciones soporte | empresa_id=None | estado=None | soporte_tipo_id=None
2025-12-05 16:08:04 | INFO     | Consulta finalizada | total=1
2025-12-05 16:08:47 | INFO     | Listar suscripciones soporte | empresa_id=None | estado=None | soporte_tipo_id=None
2025-12-05 16:08:47 | INFO     | Consulta finalizada | total=1
2025-12-05 16:15:12 | INFO     | Listar suscripciones soporte | empresa_id=None | estado=None | soporte_tipo_id=None
2025-12-05 16:15:12 | INFO     | Consulta finalizada | total=1
2025-12-05 16:20:48 | INFO     | Listar suscripciones soporte | empresa_id=None | estado=None | soporte_tipo_id=None
2025-12-05 16:20:48 | INFO     | Consulta finalizada | total=1
2025-12-05 16:25:34 | INFO     | Listar suscripciones soporte | empresa_id=None | estado=None | soporte_tipo_id=None
2025-12-05 16:25:34 | INFO     | Consulta finalizada | total=1
2025-12-05 17:11:15 | INFO     | Listar suscripciones soporte | empresa_id=None | estado=None | soporte_tipo_id=None
2025-12-05 17:11:15 | INFO     | Consulta finalizada | total=1
2025-12-05 18:48:13 | INFO     | Listar suscripciones soporte | empresa_id=None | estado=None | soporte_tipo_id=None
2025-12-05 18:48:13 | INFO     | Consulta finalizada | total=1
2025-12-05 18:52:46 | INFO     | Listar suscripciones soporte | empresa_id=None | estado=None | soporte_tipo_id=None
2025-12-05 18:52:46 | INFO     | Consulta finalizada | total=1
2025-12-05 19:35:55 | INFO     | Listar suscripciones soporte | empresa_id=None | estado=None | soporte_tipo_id=None
2025-12-05 19:35:55 | INFO     | Consulta finalizada | total=1
2025-12-05 20:15:50 | INFO     | Listar suscripciones soporte | empresa_id=None | estado=None | soporte_tipo_id=None
2025-12-05 20:15:50 | INFO     | Consulta finalizada | total=1
2025-12-05 20:26:47 | INFO     | Crear suscripci贸n soporte - Inicio | usuario_id=18 | data={suscripcion_id:6, empresa_id:7, soporte_tipo_id:3, fecha_inicio:2025-12-06, fecha_fin:2026-12-05, renovacion_automatica:True, notas:Se activa suscripcion soporte para compraventa la Reina }
2025-12-05 20:26:47 | INFO     | Suscripci贸n soporte creada | suscripcion_soporte_id=3 | empresa_id=7 | tipo_soporte=Soporte por Evento | precio=150000.0 | creado_por=18
2025-12-05 20:26:47 | INFO     | Listar suscripciones soporte | empresa_id=None | estado=None | soporte_tipo_id=None
2025-12-05 20:26:47 | INFO     | Consulta finalizada | total=2
2025-12-05 20:42:09 | INFO     | Listar suscripciones soporte | empresa_id=None | estado=None | soporte_tipo_id=None
2025-12-05 20:42:09 | INFO     | Consulta finalizada | total=2
2025-12-05 20:43:58 | INFO     | Listar suscripciones soporte | empresa_id=None | estado=None | soporte_tipo_id=None
2025-12-05 20:43:58 | INFO     | Consulta finalizada | total=2
