2025-12-16 16:41:29 | INFO     | Listar usuarios | page=1 | per_page=10 | search= | rol= | estado=
2025-12-16 16:41:29 | INFO     | Consulta finalizada | total_resultados=3 | pagina=1 | total_paginas=1
2025-12-16 17:15:17 | INFO     | Listar usuarios | page=1 | per_page=10 | search= | rol= | estado=
2025-12-16 17:15:17 | INFO     | Consulta finalizada | total_resultados=3 | pagina=1 | total_paginas=1
2025-12-16 17:18:03 | INFO     | Listar usuarios | page=1 | per_page=10 | search= | rol= | estado=
2025-12-16 17:18:03 | INFO     | Consulta finalizada | total_resultados=3 | pagina=1 | total_paginas=1
2025-12-16 17:18:49 | INFO     | Listar usuarios | page=1 | per_page=10 | search= | rol= | estado=
2025-12-16 17:18:49 | INFO     | Consulta finalizada | total_resultados=3 | pagina=1 | total_paginas=1
2025-12-16 17:18:54 | INFO     | Listar usuarios | page=1 | per_page=10 | search= | rol= | estado=
2025-12-16 17:18:54 | INFO     | Consulta finalizada | total_resultados=3 | pagina=1 | total_paginas=1
2025-12-16 17:18:58 | INFO     | Listar usuarios | page=1 | per_page=10 | search= | rol= | estado=
2025-12-16 17:18:58 | INFO     | Consulta finalizada | total_resultados=3 | pagina=1 | total_paginas=1
2025-12-16 17:19:04 | INFO     | Listar usuarios | page=1 | per_page=10 | search= | rol= | estado=
2025-12-16 17:19:04 | INFO     | Consulta finalizada | total_resultados=3 | pagina=1 | total_paginas=1
2025-12-16 17:19:10 | INFO     | Listar usuarios | page=1 | per_page=10 | search= | rol= | estado=
2025-12-16 17:19:10 | INFO     | Consulta finalizada | total_resultados=3 | pagina=1 | total_paginas=1
2025-12-16 17:19:34 | INFO     | Listar usuarios | page=1 | per_page=10 | search= | rol= | estado= | empresa_id=None
2025-12-16 17:19:34 | INFO     | Consulta finalizada | total_resultados=3 | pagina=1 | total_paginas=1
2025-12-16 17:20:14 | INFO     | Listar usuarios | page=1 | per_page=10 | search= | rol= | estado= | empresa_id=None
2025-12-16 17:20:14 | INFO     | Consulta finalizada | total_resultados=3 | pagina=1 | total_paginas=1
2025-12-16 17:20:41 | INFO     | Listar usuarios | page=1 | per_page=10 | search= | rol= | estado= | empresa_id=None
2025-12-16 17:20:41 | INFO     | Consulta finalizada | total_resultados=3 | pagina=1 | total_paginas=1
2025-12-16 17:41:23 | INFO     | Listar usuarios | page=1 | per_page=10 | search= | rol= | estado= | empresa_id=None
2025-12-16 17:41:23 | INFO     | Consulta finalizada | total_resultados=3 | pagina=1 | total_paginas=1
2025-12-16 17:42:11 | INFO     | Listar usuarios | page=1 | per_page=10 | search= | rol= | estado= | empresa_id=1
2025-12-16 17:42:11 | INFO     | Consulta finalizada | total_resultados=1 | pagina=1 | total_paginas=1
2025-12-16 17:42:16 | INFO     | Listar usuarios | page=1 | per_page=10 | search= | rol= | estado= | empresa_id=7
2025-12-16 17:42:16 | INFO     | Consulta finalizada | total_resultados=1 | pagina=1 | total_paginas=1
2025-12-16 17:42:19 | INFO     | Listar usuarios | page=1 | per_page=10 | search= | rol= | estado= | empresa_id=None
2025-12-16 17:42:19 | INFO     | Consulta finalizada | total_resultados=3 | pagina=1 | total_paginas=1
2025-12-16 17:48:54 | INFO     | Listar usuarios | page=1 | per_page=10 | search= | rol= | estado= | empresa_id=None
2025-12-16 17:48:54 | INFO     | Consulta finalizada | total_resultados=3 | pagina=1 | total_paginas=1
2025-12-16 17:49:12 | INFO     | Listar usuarios | page=1 | per_page=10 | search= | rol= | estado= | empresa_id=None
2025-12-16 17:49:12 | INFO     | Consulta finalizada | total_resultados=3 | pagina=1 | total_paginas=1
2025-12-16 17:49:27 | INFO     | Listar usuarios | page=1 | per_page=10 | search= | rol= | estado= | empresa_id=None
2025-12-16 17:49:27 | INFO     | Consulta finalizada | total_resultados=3 | pagina=1 | total_paginas=1
2025-12-16 17:49:42 | INFO     | Listar usuarios | page=1 | per_page=10 | search= | rol= | estado= | empresa_id=None
2025-12-16 17:49:42 | INFO     | Consulta finalizada | total_resultados=3 | pagina=1 | total_paginas=1
2025-12-16 17:49:52 | INFO     | Listar usuarios | page=1 | per_page=10 | search= | rol= | estado= | empresa_id=None
2025-12-16 17:49:52 | INFO     | Consulta finalizada | total_resultados=3 | pagina=1 | total_paginas=1
2025-12-16 18:20:44 | INFO     | Listar usuarios | page=1 | per_page=10 | search= | rol= | estado= | empresa_id=None
2025-12-16 18:20:44 | INFO     | Consulta finalizada | total_resultados=3 | pagina=1 | total_paginas=1
2025-12-16 18:27:20 | INFO     | Listar usuarios | page=1 | per_page=10 | search= | rol= | estado= | empresa_id=None
2025-12-16 18:27:20 | INFO     | Consulta finalizada | total_resultados=3 | pagina=1 | total_paginas=1
2025-12-16 18:27:25 | INFO     | Listar usuarios | page=1 | per_page=10 | search= | rol= | estado= | empresa_id=None
2025-12-16 18:27:25 | INFO     | Consulta finalizada | total_resultados=3 | pagina=1 | total_paginas=1
2025-12-16 18:40:21 | INFO     | Listar usuarios | page=1 | per_page=10 | search= | rol= | estado= | empresa_id=None
2025-12-16 18:40:21 | INFO     | Consulta finalizada | total_resultados=3 | pagina=1 | total_paginas=1
2025-12-16 18:58:21 | INFO     | Listar usuarios | page=1 | per_page=10 | search= | rol= | estado= | empresa_id=None
2025-12-16 18:58:21 | INFO     | Consulta finalizada | total_resultados=3 | pagina=1 | total_paginas=1
2025-12-16 18:59:07 | ERROR    | Error al crear usuario | exception=IntegrityError: (pymysql.err.IntegrityError) (1062, "Duplicate entry '6' for key 'uq_usuarios_empresa_id'")
[SQL: INSERT INTO usuarios (nombre, email, password_hash, rol, creado_en, empresa_id, is_active, otp_secret, otp_enabled, otp_backup_codes, otp_backup_codes_used, otp_last_verified_at, telefono, direccion, ciudad, pais, fecha_nacimiento) VALUES (%(nombre)s, %(email)s, %(password_hash)s, %(rol)s, %(creado_en)s, %(empresa_id)s, %(is_active)s, %(otp_secret)s, %(otp_enabled)s, %(otp_backup_codes)s, %(otp_backup_codes_used)s, %(otp_last_verified_at)s, %(telefono)s, %(direccion)s, %(ciudad)s, %(pais)s, %(fecha_nacimiento)s)]
[parameters: {'nombre': 'Pedro Francisco Arbelaez R', 'email': 'pedrofarbelaez@tratios.com', 'password_hash': 'scrypt:32768:8:1$EVk6ketC0TdLb77h$90cdcc73fa2ff62a5a37a699ea63f2472db6579f962237e4eb3326bc07bc62cd38cb01fd42b8e3253cb1a587a3572cf45bc489cd885346a9a171c619e9925710', 'rol': 'admin', 'creado_en': datetime.datetime(2025, 12, 16, 23, 59, 7, 975042), 'empresa_id': '6', 'is_active': 1, 'otp_secret': None, 'otp_enabled': 0, 'otp_backup_codes': '[]', 'otp_backup_codes_used': '[]', 'otp_last_verified_at': None, 'telefono': '3201238574', 'direccion': 'Calle 74#102-8', 'ciudad': 'Bogota', 'pais': 'Colombia', 'fecha_nacimiento': None}]
(Background on this error at: https://sqlalche.me/e/20/gkpj)
2025-12-16 19:20:08 | INFO     | Usuario creado | usuario_id=21 | email=pedrofarbelaez@tratios.com | rol=admin | creado_por=admin@tratios.com
2025-12-16 19:20:09 | INFO     | Listar usuarios | page=1 | per_page=10 | search= | rol= | estado= | empresa_id=None
2025-12-16 19:20:09 | INFO     | Consulta finalizada | total_resultados=4 | pagina=1 | total_paginas=1
2025-12-16 19:25:40 | INFO     | Listar usuarios | page=1 | per_page=10 | search= | rol= | estado= | empresa_id=None
2025-12-16 19:25:40 | INFO     | Consulta finalizada | total_resultados=4 | pagina=1 | total_paginas=1
2025-12-16 19:25:48 | INFO     | Listar usuarios | page=1 | per_page=10 | search= | rol= | estado= | empresa_id=None
2025-12-16 19:25:48 | INFO     | Consulta finalizada | total_resultados=4 | pagina=1 | total_paginas=1
2025-12-16 19:26:17 | INFO     | Listar usuarios | page=1 | per_page=10 | search= | rol= | estado= | empresa_id=None
2025-12-16 19:26:17 | INFO     | Consulta finalizada | total_resultados=4 | pagina=1 | total_paginas=1
2025-12-16 19:26:37 | INFO     | Listar usuarios | page=1 | per_page=10 | search= | rol= | estado= | empresa_id=None
2025-12-16 19:26:37 | INFO     | Consulta finalizada | total_resultados=4 | pagina=1 | total_paginas=1
2025-12-16 19:31:27 | INFO     | Listar usuarios | page=1 | per_page=10 | search= | rol=admin | estado= | empresa_id=None
2025-12-16 19:31:27 | INFO     | Consulta finalizada | total_resultados=2 | pagina=1 | total_paginas=1
2025-12-16 19:31:44 | INFO     | Listar usuarios | page=1 | per_page=10 | search= | rol=admin | estado= | empresa_id=None
2025-12-16 19:31:44 | INFO     | Consulta finalizada | total_resultados=2 | pagina=1 | total_paginas=1
2025-12-16 19:34:54 | INFO     | Listar usuarios | page=1 | per_page=10 | search= | rol= | estado= | empresa_id=None
2025-12-16 19:34:54 | INFO     | Consulta finalizada | total_resultados=4 | pagina=1 | total_paginas=1
2025-12-16 19:36:30 | INFO     | Usuario creado | usuario_id=22 | email=marceloganboa@gmail.com | rol=cliente | creado_por=pedrofarbelaez@tratios.com
2025-12-16 19:36:30 | INFO     | Listar usuarios | page=1 | per_page=10 | search= | rol= | estado= | empresa_id=None
2025-12-16 19:36:30 | INFO     | Consulta finalizada | total_resultados=5 | pagina=1 | total_paginas=1
2025-12-16 20:24:42 | INFO     | Listar usuarios | page=1 | per_page=10 | search= | rol= | estado= | empresa_id=None
2025-12-16 20:24:42 | INFO     | Consulta finalizada | total_resultados=5 | pagina=1 | total_paginas=1
2025-12-16 20:25:00 | INFO     | Usuario actualizado | usuario_id=22 | actualizado_por=admin@tratios.com
2025-12-16 20:25:01 | INFO     | Listar usuarios | page=1 | per_page=10 | search= | rol= | estado= | empresa_id=None
2025-12-16 20:25:01 | INFO     | Consulta finalizada | total_resultados=5 | pagina=1 | total_paginas=1
2025-12-16 20:26:53 | INFO     | Contraseña cambiada | usuario_id=22 | cambiado_por=admin@tratios.com
2025-12-16 20:27:45 | INFO     | Usuario inactivado | usuario_id=22 | estado=False | cambiado_por=admin@tratios.com
2025-12-16 20:27:45 | INFO     | Listar usuarios | page=1 | per_page=10 | search=admin@tratios.com | rol= | estado= | empresa_id=None
2025-12-16 20:27:45 | INFO     | Consulta finalizada | total_resultados=1 | pagina=1 | total_paginas=1
2025-12-16 20:27:52 | INFO     | Listar usuarios | page=1 | per_page=10 | search= | rol= | estado= | empresa_id=None
2025-12-16 20:27:52 | INFO     | Consulta finalizada | total_resultados=5 | pagina=1 | total_paginas=1
2025-12-16 20:38:09 | INFO     | Usuario activado | usuario_id=22 | estado=True | cambiado_por=admin@tratios.com
2025-12-16 20:38:09 | INFO     | Listar usuarios | page=1 | per_page=10 | search= | rol= | estado= | empresa_id=None
2025-12-16 20:38:09 | INFO     | Consulta finalizada | total_resultados=5 | pagina=1 | total_paginas=1
2025-12-16 20:39:27 | INFO     | Listar usuarios | page=1 | per_page=10 | search= | rol=admin | estado= | empresa_id=None
2025-12-16 20:39:27 | INFO     | Consulta finalizada | total_resultados=2 | pagina=1 | total_paginas=1
2025-12-16 20:51:26 | INFO     | Listar usuarios | page=1 | per_page=10 | search= | rol= | estado= | empresa_id=None
2025-12-16 20:51:26 | INFO     | Consulta finalizada | total_resultados=5 | pagina=1 | total_paginas=1
2025-12-16 20:56:00 | INFO     | Listar usuarios | page=1 | per_page=10 | search= | rol= | estado= | empresa_id=None
2025-12-16 20:56:00 | INFO     | Consulta finalizada | total_resultados=5 | pagina=1 | total_paginas=1
2025-12-16 20:56:19 | INFO     | Contraseña cambiada | usuario_id=18 | cambiado_por=pedrofarbelaez@tratios.com
2025-12-16 20:59:17 | INFO     | Listar usuarios | page=1 | per_page=10 | search= | rol= | estado= | empresa_id=None
2025-12-16 20:59:17 | INFO     | Consulta finalizada | total_resultados=5 | pagina=1 | total_paginas=1
2025-12-16 21:01:04 | INFO     | Listar usuarios | page=1 | per_page=10 | search= | rol= | estado= | empresa_id=None
2025-12-16 21:01:04 | INFO     | Consulta finalizada | total_resultados=5 | pagina=1 | total_paginas=1
2025-12-16 21:09:19 | INFO     | Listar usuarios | page=1 | per_page=10 | search= | rol= | estado= | empresa_id=None
2025-12-16 21:09:19 | INFO     | Consulta finalizada | total_resultados=5 | pagina=1 | total_paginas=1
2025-12-16 21:09:28 | INFO     | Usuario inactivado | usuario_id=22 | estado=False | cambiado_por=pedrofarbelaez@tratios.com
2025-12-16 21:09:28 | INFO     | Listar usuarios | page=1 | per_page=10 | search= | rol= | estado= | empresa_id=None
2025-12-16 21:09:28 | INFO     | Consulta finalizada | total_resultados=5 | pagina=1 | total_paginas=1
2025-12-17 14:29:44 | INFO     | Listar usuarios | page=1 | per_page=10 | search= | rol= | estado= | empresa_id=None
2025-12-17 14:29:44 | INFO     | Consulta finalizada | total_resultados=5 | pagina=1 | total_paginas=1
2025-12-17 14:31:01 | INFO     | Listar usuarios | page=1 | per_page=10 | search= | rol= | estado= | empresa_id=None
2025-12-17 14:31:01 | INFO     | Consulta finalizada | total_resultados=5 | pagina=1 | total_paginas=1
2025-12-17 14:31:13 | INFO     | Listar usuarios | page=1 | per_page=10 | search= | rol= | estado= | empresa_id=None
2025-12-17 14:31:13 | INFO     | Consulta finalizada | total_resultados=5 | pagina=1 | total_paginas=1
2025-12-17 14:31:38 | INFO     | Listar usuarios | page=1 | per_page=10 | search= | rol= | estado= | empresa_id=None
2025-12-17 14:31:38 | INFO     | Consulta finalizada | total_resultados=5 | pagina=1 | total_paginas=1
2025-12-17 14:32:07 | INFO     | Listar usuarios | page=1 | per_page=10 | search= | rol= | estado= | empresa_id=None
2025-12-17 14:32:07 | INFO     | Consulta finalizada | total_resultados=5 | pagina=1 | total_paginas=1
2025-12-17 20:22:52 | INFO     | Listar usuarios | page=1 | per_page=10 | search= | rol= | estado= | empresa_id=None
2025-12-17 20:22:52 | INFO     | Consulta finalizada | total_resultados=5 | pagina=1 | total_paginas=1
2025-12-17 20:22:58 | INFO     | Listar usuarios | page=1 | per_page=10 | search= | rol= | estado= | empresa_id=None
2025-12-17 20:22:58 | INFO     | Consulta finalizada | total_resultados=5 | pagina=1 | total_paginas=1
2025-12-17 20:30:22 | INFO     | Listar usuarios | page=1 | per_page=10 | search= | rol= | estado= | empresa_id=None
2025-12-17 20:30:22 | INFO     | Consulta finalizada | total_resultados=5 | pagina=1 | total_paginas=1
2025-12-17 20:30:54 | INFO     | Listar usuarios | page=1 | per_page=10 | search= | rol= | estado= | empresa_id=None
2025-12-17 20:30:54 | INFO     | Consulta finalizada | total_resultados=5 | pagina=1 | total_paginas=1
2025-12-17 20:31:07 | INFO     | Listar usuarios | page=1 | per_page=10 | search= | rol= | estado= | empresa_id=None
2025-12-17 20:31:07 | INFO     | Consulta finalizada | total_resultados=5 | pagina=1 | total_paginas=1
2025-12-17 20:42:16 | INFO     | Listar usuarios | page=1 | per_page=10 | search= | rol= | estado= | empresa_id=None
2025-12-17 20:42:16 | INFO     | Consulta finalizada | total_resultados=5 | pagina=1 | total_paginas=1
2025-12-17 20:42:40 | INFO     | Listar usuarios | page=1 | per_page=10 | search= | rol= | estado= | empresa_id=None
2025-12-17 20:42:40 | INFO     | Consulta finalizada | total_resultados=5 | pagina=1 | total_paginas=1
2025-12-17 20:49:04 | INFO     | Listar usuarios | page=1 | per_page=10 | search= | rol= | estado= | empresa_id=None
2025-12-17 20:49:04 | INFO     | Consulta finalizada | total_resultados=5 | pagina=1 | total_paginas=1
2025-12-17 20:49:29 | INFO     | Listar usuarios | page=1 | per_page=10 | search= | rol= | estado= | empresa_id=None
2025-12-17 20:49:29 | INFO     | Consulta finalizada | total_resultados=5 | pagina=1 | total_paginas=1
2025-12-17 20:53:41 | INFO     | Listar usuarios | page=1 | per_page=10 | search= | rol= | estado= | empresa_id=None
2025-12-17 20:53:41 | INFO     | Consulta finalizada | total_resultados=5 | pagina=1 | total_paginas=1
2025-12-17 20:53:50 | INFO     | Listar usuarios | page=1 | per_page=10 | search= | rol= | estado= | empresa_id=None
2025-12-17 20:53:50 | INFO     | Consulta finalizada | total_resultados=5 | pagina=1 | total_paginas=1
2025-12-17 20:53:51 | INFO     | Listar usuarios | page=1 | per_page=10 | search= | rol= | estado= | empresa_id=None
2025-12-17 20:53:51 | INFO     | Consulta finalizada | total_resultados=5 | pagina=1 | total_paginas=1
2025-12-17 20:54:03 | INFO     | Listar usuarios | page=1 | per_page=10 | search= | rol= | estado= | empresa_id=None
2025-12-17 20:54:03 | INFO     | Consulta finalizada | total_resultados=5 | pagina=1 | total_paginas=1
2025-12-17 20:54:20 | INFO     | Listar usuarios | page=1 | per_page=10 | search= | rol= | estado= | empresa_id=None
2025-12-17 20:54:20 | INFO     | Consulta finalizada | total_resultados=5 | pagina=1 | total_paginas=1
2025-12-18 09:52:09 | INFO     | Listar usuarios | page=1 | per_page=10 | search= | rol= | estado= | empresa_id=None
2025-12-18 09:52:09 | INFO     | Consulta finalizada | total_resultados=5 | pagina=1 | total_paginas=1
2025-12-18 10:17:14 | INFO     | Listar usuarios | page=1 | per_page=10 | search= | rol= | estado= | empresa_id=None
2025-12-18 10:17:14 | INFO     | Consulta finalizada | total_resultados=5 | pagina=1 | total_paginas=1
2025-12-18 10:32:07 | INFO     | Listar usuarios | page=1 | per_page=10 | search= | rol= | estado= | empresa_id=None
2025-12-18 10:32:07 | INFO     | Consulta finalizada | total_resultados=5 | pagina=1 | total_paginas=1
